[2025-05-04 00:48:34] START pipeline CTCF_bindingDNA_1_-_MYC_protein
createdb results/msa_results/CTCF_bindingDNA_1_-_MYC_protein/query.fas results/msa_results/CTCF_bindingDNA_1_-_MYC_protein/qdb --shuffle 0 

MMseqs Version:       	15.6f452
Database type         	0
Shuffle input database	false
Createdb mode         	0
Write lookup file     	1
Offset of numeric ids 	0
Compressed            	0
Verbosity             	3

Converting sequences
[
Time for merging to qdb_h: 0h 0m 0s 0ms
Time for merging to qdb: 0h 0m 0s 0ms
Database type: Aminoacid
Time for processing: 0h 0m 0s 1ms
Create directory results/msa_results/CTCF_bindingDNA_1_-_MYC_protein/tmp
search results/msa_results/CTCF_bindingDNA_1_-_MYC_protein/qdb MSA/uniref30_2302_db results/msa_results/CTCF_bindingDNA_1_-_MYC_protein/res results/msa_results/CTCF_bindingDNA_1_-_MYC_protein/tmp --threads 64 --num-iterations 3 --db-load-mode 0 -a -e 0.1 --max-seqs 10000 --k-score 'seq:96,prof:80' 

MMseqs Version:                        	15.6f452
Substitution matrix                    	aa:blosum62.out,nucl:nucleotide.out
Add backtrace                          	true
Alignment mode                         	2
Alignment mode                         	0
Allow wrapped scoring                  	false
E-value threshold                      	0.1
Seq. id. threshold                     	0
Min alignment length                   	0
Seq. id. mode                          	0
Alternative alignments                 	0
Coverage threshold                     	0
Coverage mode                          	0
Max sequence length                    	65535
Compositional bias                     	1
Compositional bias                     	1
Max reject                             	2147483647
Max accept                             	2147483647
Include identical seq. id.             	false
Preload mode                           	0
Pseudo count a                         	substitution:1.100,context:1.400
Pseudo count b                         	substitution:4.100,context:5.800
Score bias                             	0
Realign hits                           	false
Realign score bias                     	-0.2
Realign max seqs                       	2147483647
Correlation score weight               	0
Gap open cost                          	aa:11,nucl:5
Gap extension cost                     	aa:1,nucl:2
Zdrop                                  	40
Threads                                	64
Compressed                             	0
Verbosity                              	3
Seed substitution matrix               	aa:VTML80.out,nucl:nucleotide.out
Sensitivity                            	5.7
k-mer length                           	0
Target search mode                     	0
k-score                                	seq:2147483647,prof:2147483647
Alphabet size                          	aa:21,nucl:5
Max results per query                  	10000
Split database                         	0
Split mode                             	2
Split memory limit                     	0
Diagonal scoring                       	true
Exact k-mer matching                   	0
Mask residues                          	1
Mask residues probability              	0.9
Mask lower case residues               	0
Minimum diagonal score                 	15
Selected taxa                          	
Spaced k-mers                          	1
Spaced k-mer pattern                   	
Local temporary path                   	
Rescore mode                           	0
Remove hits by seq. id. and coverage   	false
Sort results                           	0
Mask profile                           	1
Profile E-value threshold              	0.1
Global sequence weighting              	false
Allow deletions                        	false
Filter MSA                             	1
Use filter only at N seqs              	0
Maximum seq. id. threshold             	0.9
Minimum seq. id.                       	0.0
Minimum score per column               	-20
Minimum coverage                       	0
Select N most diverse seqs             	1000
Pseudo count mode                      	0
Min codons in orf                      	30
Max codons in length                   	32734
Max orf gaps                           	2147483647
Contig start mode                      	2
Contig end mode                        	2
Orf start mode                         	1
Forward frames                         	1,2,3
Reverse frames                         	1,2,3
Translation table                      	1
Translate orf                          	0
Use all table starts                   	false
Offset of numeric ids                  	0
Create lookup                          	0
Add orf stop                           	false
Overlap between sequences              	0
Sequence split mode                    	1
Header split mode                      	0
Chain overlapping alignments           	0
Merge query                            	1
Search type                            	0
Search iterations                      	3
Start sensitivity                      	4
Search steps                           	1
Prefilter mode                         	0
Exhaustive search mode                 	false
Filter results during exhaustive search	0
Strand selection                       	1
LCA search mode                        	false
Disk space limit                       	0
MPI runner                             	
Force restart with latest tmp          	false
Remove temporary files                 	false

prefilter results/msa_results/CTCF_bindingDNA_1_-_MYC_protein/qdb MSA/uniref30_2302_db.idx results/msa_results/CTCF_bindingDNA_1_-_MYC_protein/tmp/2782213052111384118/pref_0 --sub-mat 'aa:blosum62.out,nucl:nucleotide.out' --seed-sub-mat 'aa:VTML80.out,nucl:nucleotide.out' -s 5.7 -k 0 --target-search-mode 0 --k-score seq:2147483647,prof:2147483647 --alph-size aa:21,nucl:5 --max-seq-len 65535 --max-seqs 10000 --split 0 --split-mode 2 --split-memory-limit 0 -c 0 --cov-mode 0 --comp-bias-corr 1 --comp-bias-corr-scale 1 --diag-score 1 --exact-kmer-matching 0 --mask 1 --mask-prob 0.9 --mask-lower-case 0 --min-ungapped-score 15 --add-self-matches 0 --spaced-kmer-mode 1 --db-load-mode 0 --pca substitution:1.100,context:1.400 --pcb substitution:4.100,context:5.800 --threads 64 --compressed 0 -v 3 

Index version: 16
Generated by:  17.b804f
ScoreMatrix:  VTML80.out
Query database size: 1 type: Aminoacid
Estimated memory consumption: 177G
Target database size: 36293491 type: Aminoacid
Process prefiltering step 1 of 1

k-mer similarity threshold: 122
Starting prefiltering scores calculation (step 1 of 1)
Query db start 1 to 1
Target db start 1 to 36293491
[=================================================================] 1 0s 1ms

1528.017660 k-mers per position
3855747 DB matches per sequence
0 overflows
10000 sequences passed prefiltering per query sequence
10000 median result list length
0 sequences with 0 size result lists
Time for merging to pref_0: 0h 0m 0s 0ms
Time for processing: 0h 0m 9s 460ms
align results/msa_results/CTCF_bindingDNA_1_-_MYC_protein/qdb MSA/uniref30_2302_db.idx results/msa_results/CTCF_bindingDNA_1_-_MYC_protein/tmp/2782213052111384118/pref_0 results/msa_results/CTCF_bindingDNA_1_-_MYC_protein/tmp/2782213052111384118/aln_0 --sub-mat 'aa:blosum62.out,nucl:nucleotide.out' -a 1 --alignment-mode 2 --alignment-output-mode 0 --wrapped-scoring 0 -e 0.1 --min-seq-id 0 --min-aln-len 0 --seq-id-mode 0 --alt-ali 0 -c 0 --cov-mode 0 --max-seq-len 65535 --comp-bias-corr 1 --comp-bias-corr-scale 1 --max-rejected 2147483647 --max-accept 2147483647 --add-self-matches 0 --db-load-mode 0 --pca substitution:1.100,context:1.400 --pcb substitution:4.100,context:5.800 --score-bias 0 --realign 1 --realign-score-bias -0.2 --realign-max-seqs 2147483647 --corr-score-weight 0 --gap-open aa:11,nucl:5 --gap-extend aa:1,nucl:2 --zdrop 40 --threads 64 --compressed 0 -v 3 

Index version: 16
Generated by:  17.b804f
ScoreMatrix:  VTML80.out
Compute score only
Query database size: 1 type: Aminoacid
Target database size: 36293491 type: Aminoacid
Calculation of alignments
[=================================================================] 1 0s 2ms
Time for merging to aln_0: 0h 0m 0s 0ms
10000 alignments calculated
264 sequence pairs passed the thresholds (0.026400 of overall calculated)
264.000000 hits per query sequence
Time for processing: 0h 0m 1s 687ms
result2profile results/msa_results/CTCF_bindingDNA_1_-_MYC_protein/qdb MSA/uniref30_2302_db.idx results/msa_results/CTCF_bindingDNA_1_-_MYC_protein/tmp/2782213052111384118/aln_0 results/msa_results/CTCF_bindingDNA_1_-_MYC_protein/tmp/2782213052111384118/profile_0 --sub-mat 'aa:blosum62.out,nucl:nucleotide.out' -e 0.1 --mask-profile 1 --e-profile 0.1 --comp-bias-corr 1 --comp-bias-corr-scale 1 --wg 0 --allow-deletion 0 --filter-msa 1 --filter-min-enable 0 --max-seq-id 0.9 --qid '0.0' --qsc -20 --cov 0 --diff 1000 --pseudo-cnt-mode 0 --pca substitution:1.100,context:1.400 --pcb substitution:4.100,context:5.800 --db-load-mode 0 --gap-open aa:11,nucl:5 --gap-extend aa:1,nucl:2 --threads 64 --compressed 0 -v 3 

Index version: 16
Generated by:  17.b804f
ScoreMatrix:  VTML80.out
Query database size: 1 type: Aminoacid
Target database size: 36293491 type: Aminoacid
[=================================================================] 1 0s 7ms
Time for merging to profile_0: 0h 0m 0s 0ms
Time for processing: 0h 0m 1s 262ms
prefilter results/msa_results/CTCF_bindingDNA_1_-_MYC_protein/tmp/2782213052111384118/profile_0 MSA/uniref30_2302_db.idx results/msa_results/CTCF_bindingDNA_1_-_MYC_protein/tmp/2782213052111384118/pref_tmp_1 --sub-mat 'aa:blosum62.out,nucl:nucleotide.out' --seed-sub-mat 'aa:VTML80.out,nucl:nucleotide.out' -s 5.7 -k 0 --target-search-mode 0 --k-score seq:2147483647,prof:2147483647 --alph-size aa:21,nucl:5 --max-seq-len 65535 --max-seqs 10000 --split 0 --split-mode 2 --split-memory-limit 0 -c 0 --cov-mode 0 --comp-bias-corr 1 --comp-bias-corr-scale 1 --diag-score 1 --exact-kmer-matching 0 --mask 1 --mask-prob 0.9 --mask-lower-case 0 --min-ungapped-score 15 --add-self-matches 0 --spaced-kmer-mode 1 --db-load-mode 0 --pca substitution:1.100,context:1.400 --pcb substitution:4.100,context:5.800 --threads 64 --compressed 0 -v 3 

Index version: 16
Generated by:  17.b804f
ScoreMatrix:  VTML80.out
Query database size: 1 type: Profile
Estimated memory consumption: 177G
Target database size: 36293491 type: Aminoacid
Process prefiltering step 1 of 1

k-mer similarity threshold: 110
Starting prefiltering scores calculation (step 1 of 1)
Query db start 1 to 1
Target db start 1 to 36293491
[=================================================================] 1 0s 1ms

2299.540839 k-mers per position
3111630 DB matches per sequence
0 overflows
10000 sequences passed prefiltering per query sequence
10000 median result list length
0 sequences with 0 size result lists
Time for merging to pref_tmp_1: 0h 0m 0s 0ms
Time for processing: 0h 0m 9s 790ms
subtractdbs results/msa_results/CTCF_bindingDNA_1_-_MYC_protein/tmp/2782213052111384118/pref_tmp_1 results/msa_results/CTCF_bindingDNA_1_-_MYC_protein/tmp/2782213052111384118/aln_0 results/msa_results/CTCF_bindingDNA_1_-_MYC_protein/tmp/2782213052111384118/pref_1 --threads 64 --e-profile 0.1 -e 0.1 --compressed 0 -v 3 

subtractdbs results/msa_results/CTCF_bindingDNA_1_-_MYC_protein/tmp/2782213052111384118/pref_tmp_1 results/msa_results/CTCF_bindingDNA_1_-_MYC_protein/tmp/2782213052111384118/aln_0 results/msa_results/CTCF_bindingDNA_1_-_MYC_protein/tmp/2782213052111384118/pref_1 --threads 64 --e-profile 0.1 -e 0.1 --compressed 0 -v 3 

Remove results/msa_results/CTCF_bindingDNA_1_-_MYC_protein/tmp/2782213052111384118/aln_0 ids from results/msa_results/CTCF_bindingDNA_1_-_MYC_protein/tmp/2782213052111384118/pref_tmp_1
[=================================================================] 1 0s 5ms
Time for merging to pref_1: 0h 0m 0s 5ms
Time for processing: 0h 0m 0s 67ms
rmdb results/msa_results/CTCF_bindingDNA_1_-_MYC_protein/tmp/2782213052111384118/pref_tmp_1 

Time for processing: 0h 0m 0s 0ms
align results/msa_results/CTCF_bindingDNA_1_-_MYC_protein/tmp/2782213052111384118/profile_0 MSA/uniref30_2302_db.idx results/msa_results/CTCF_bindingDNA_1_-_MYC_protein/tmp/2782213052111384118/pref_1 results/msa_results/CTCF_bindingDNA_1_-_MYC_protein/tmp/2782213052111384118/aln_tmp_1 --sub-mat 'aa:blosum62.out,nucl:nucleotide.out' -a 1 --alignment-mode 2 --alignment-output-mode 0 --wrapped-scoring 0 -e 0.1 --min-seq-id 0 --min-aln-len 0 --seq-id-mode 0 --alt-ali 0 -c 0 --cov-mode 0 --max-seq-len 65535 --comp-bias-corr 1 --comp-bias-corr-scale 1 --max-rejected 2147483647 --max-accept 2147483647 --add-self-matches 0 --db-load-mode 0 --pca substitution:1.100,context:1.400 --pcb substitution:4.100,context:5.800 --score-bias 0 --realign 0 --realign-score-bias -0.2 --realign-max-seqs 2147483647 --corr-score-weight 0 --gap-open aa:11,nucl:5 --gap-extend aa:1,nucl:2 --zdrop 40 --threads 64 --compressed 0 -v 3 

Index version: 16
Generated by:  17.b804f
ScoreMatrix:  VTML80.out
Compute score, coverage and sequence identity
Query database size: 1 type: Profile
Target database size: 36293491 type: Aminoacid
Calculation of alignments
[=================================================================] 1 0s 15ms
Time for merging to aln_tmp_1: 0h 0m 0s 0ms
9736 alignments calculated
564 sequence pairs passed the thresholds (0.057929 of overall calculated)
564.000000 hits per query sequence
Time for processing: 0h 0m 1s 566ms
mergedbs results/msa_results/CTCF_bindingDNA_1_-_MYC_protein/tmp/2782213052111384118/profile_0 results/msa_results/CTCF_bindingDNA_1_-_MYC_protein/tmp/2782213052111384118/aln_1 results/msa_results/CTCF_bindingDNA_1_-_MYC_protein/tmp/2782213052111384118/aln_0 results/msa_results/CTCF_bindingDNA_1_-_MYC_protein/tmp/2782213052111384118/aln_tmp_1 

Merging the results to results/msa_results/CTCF_bindingDNA_1_-_MYC_protein/tmp/2782213052111384118/aln_1
[=================================================================] 1 0s 0ms
Time for merging to aln_1: 0h 0m 0s 0ms
Time for processing: 0h 0m 0s 1ms
rmdb results/msa_results/CTCF_bindingDNA_1_-_MYC_protein/tmp/2782213052111384118/aln_0 

Time for processing: 0h 0m 0s 0ms
rmdb results/msa_results/CTCF_bindingDNA_1_-_MYC_protein/tmp/2782213052111384118/aln_tmp_1 

Time for processing: 0h 0m 0s 0ms
result2profile results/msa_results/CTCF_bindingDNA_1_-_MYC_protein/tmp/2782213052111384118/profile_0 MSA/uniref30_2302_db.idx results/msa_results/CTCF_bindingDNA_1_-_MYC_protein/tmp/2782213052111384118/aln_1 results/msa_results/CTCF_bindingDNA_1_-_MYC_protein/tmp/2782213052111384118/profile_1 --sub-mat 'aa:blosum62.out,nucl:nucleotide.out' -e 0.1 --mask-profile 1 --e-profile 0.1 --comp-bias-corr 1 --comp-bias-corr-scale 1 --wg 0 --allow-deletion 0 --filter-msa 1 --filter-min-enable 0 --max-seq-id 0.9 --qid '0.0' --qsc -20 --cov 0 --diff 1000 --pseudo-cnt-mode 0 --pca substitution:1.100,context:1.400 --pcb substitution:4.100,context:5.800 --db-load-mode 0 --gap-open aa:11,nucl:5 --gap-extend aa:1,nucl:2 --threads 64 --compressed 0 -v 3 

Index version: 16
Generated by:  17.b804f
ScoreMatrix:  VTML80.out
Query database size: 1 type: Profile
Target database size: 36293491 type: Aminoacid
[=================================================================] 1 0s 14ms
Time for merging to profile_1: 0h 0m 0s 0ms
Time for processing: 0h 0m 1s 307ms
prefilter results/msa_results/CTCF_bindingDNA_1_-_MYC_protein/tmp/2782213052111384118/profile_1 MSA/uniref30_2302_db.idx results/msa_results/CTCF_bindingDNA_1_-_MYC_protein/tmp/2782213052111384118/pref_tmp_2 --sub-mat 'aa:blosum62.out,nucl:nucleotide.out' --seed-sub-mat 'aa:VTML80.out,nucl:nucleotide.out' -s 5.7 -k 0 --target-search-mode 0 --k-score seq:2147483647,prof:2147483647 --alph-size aa:21,nucl:5 --max-seq-len 65535 --max-seqs 10000 --split 0 --split-mode 2 --split-memory-limit 0 -c 0 --cov-mode 0 --comp-bias-corr 1 --comp-bias-corr-scale 1 --diag-score 1 --exact-kmer-matching 0 --mask 1 --mask-prob 0.9 --mask-lower-case 0 --min-ungapped-score 15 --add-self-matches 0 --spaced-kmer-mode 1 --db-load-mode 0 --pca substitution:1.100,context:1.400 --pcb substitution:4.100,context:5.800 --threads 64 --compressed 0 -v 3 

Index version: 16
Generated by:  17.b804f
ScoreMatrix:  VTML80.out
Query database size: 1 type: Profile
Estimated memory consumption: 177G
Target database size: 36293491 type: Aminoacid
Process prefiltering step 1 of 1

k-mer similarity threshold: 110
Starting prefiltering scores calculation (step 1 of 1)
Query db start 1 to 1
Target db start 1 to 36293491
[=================================================================] 1 0s 1ms

2182.174393 k-mers per position
2885048 DB matches per sequence
0 overflows
10000 sequences passed prefiltering per query sequence
10000 median result list length
0 sequences with 0 size result lists
Time for merging to pref_tmp_2: 0h 0m 0s 0ms
Time for processing: 0h 0m 9s 696ms
subtractdbs results/msa_results/CTCF_bindingDNA_1_-_MYC_protein/tmp/2782213052111384118/pref_tmp_2 results/msa_results/CTCF_bindingDNA_1_-_MYC_protein/tmp/2782213052111384118/aln_1 results/msa_results/CTCF_bindingDNA_1_-_MYC_protein/tmp/2782213052111384118/pref_2 --threads 64 --e-profile 0.1 -e 0.1 --compressed 0 -v 3 

subtractdbs results/msa_results/CTCF_bindingDNA_1_-_MYC_protein/tmp/2782213052111384118/pref_tmp_2 results/msa_results/CTCF_bindingDNA_1_-_MYC_protein/tmp/2782213052111384118/aln_1 results/msa_results/CTCF_bindingDNA_1_-_MYC_protein/tmp/2782213052111384118/pref_2 --threads 64 --e-profile 0.1 -e 0.1 --compressed 0 -v 3 

Remove results/msa_results/CTCF_bindingDNA_1_-_MYC_protein/tmp/2782213052111384118/aln_1 ids from results/msa_results/CTCF_bindingDNA_1_-_MYC_protein/tmp/2782213052111384118/pref_tmp_2
[=================================================================] 1 0s 4ms
Time for merging to pref_2: 0h 0m 0s 5ms
Time for processing: 0h 0m 0s 63ms
rmdb results/msa_results/CTCF_bindingDNA_1_-_MYC_protein/tmp/2782213052111384118/pref_tmp_2 

Time for processing: 0h 0m 0s 0ms
align results/msa_results/CTCF_bindingDNA_1_-_MYC_protein/tmp/2782213052111384118/profile_1 MSA/uniref30_2302_db.idx results/msa_results/CTCF_bindingDNA_1_-_MYC_protein/tmp/2782213052111384118/pref_2 results/msa_results/CTCF_bindingDNA_1_-_MYC_protein/tmp/2782213052111384118/aln_tmp_2 --sub-mat 'aa:blosum62.out,nucl:nucleotide.out' -a 1 --alignment-mode 2 --alignment-output-mode 0 --wrapped-scoring 0 -e 0.1 --min-seq-id 0 --min-aln-len 0 --seq-id-mode 0 --alt-ali 0 -c 0 --cov-mode 0 --max-seq-len 65535 --comp-bias-corr 1 --comp-bias-corr-scale 1 --max-rejected 2147483647 --max-accept 2147483647 --add-self-matches 0 --db-load-mode 0 --pca substitution:1.100,context:1.400 --pcb substitution:4.100,context:5.800 --score-bias 0 --realign 0 --realign-score-bias -0.2 --realign-max-seqs 2147483647 --corr-score-weight 0 --gap-open aa:11,nucl:5 --gap-extend aa:1,nucl:2 --zdrop 40 --threads 64 --compressed 0 -v 3 

Index version: 16
Generated by:  17.b804f
ScoreMatrix:  VTML80.out
Compute score, coverage and sequence identity
Query database size: 1 type: Profile
Target database size: 36293491 type: Aminoacid
Calculation of alignments
[=================================================================] 1 0s 13ms
Time for merging to aln_tmp_2: 0h 0m 0s 0ms
9189 alignments calculated
1361 sequence pairs passed the thresholds (0.148112 of overall calculated)
1361.000000 hits per query sequence
Time for processing: 0h 0m 1s 592ms
mergedbs results/msa_results/CTCF_bindingDNA_1_-_MYC_protein/tmp/2782213052111384118/profile_1 results/msa_results/CTCF_bindingDNA_1_-_MYC_protein/res results/msa_results/CTCF_bindingDNA_1_-_MYC_protein/tmp/2782213052111384118/aln_1 results/msa_results/CTCF_bindingDNA_1_-_MYC_protein/tmp/2782213052111384118/aln_tmp_2 

Merging the results to results/msa_results/CTCF_bindingDNA_1_-_MYC_protein/res
[=================================================================] 1 0s 0ms
Time for merging to res: 0h 0m 0s 0ms
Time for processing: 0h 0m 0s 1ms
rmdb results/msa_results/CTCF_bindingDNA_1_-_MYC_protein/tmp/2782213052111384118/aln_1 

Time for processing: 0h 0m 0s 0ms
rmdb results/msa_results/CTCF_bindingDNA_1_-_MYC_protein/tmp/2782213052111384118/aln_tmp_2 

Time for processing: 0h 0m 0s 0ms
mvdb results/msa_results/CTCF_bindingDNA_1_-_MYC_protein/tmp/latest/profile_1 results/msa_results/CTCF_bindingDNA_1_-_MYC_protein/prof_res 

MMseqs Version:	15.6f452
Verbosity	3

Time for processing: 0h 0m 0s 0ms
lndb results/msa_results/CTCF_bindingDNA_1_-_MYC_protein/qdb_h results/msa_results/CTCF_bindingDNA_1_-_MYC_protein/prof_res_h 

MMseqs Version:	15.6f452
Verbosity	3

Time for processing: 0h 0m 0s 0ms
expandaln results/msa_results/CTCF_bindingDNA_1_-_MYC_protein/qdb MSA/uniref30_2302_db.idx results/msa_results/CTCF_bindingDNA_1_-_MYC_protein/res MSA/uniref30_2302_db.idx results/msa_results/CTCF_bindingDNA_1_-_MYC_protein/res_exp --db-load-mode 0 --threads 64 --expansion-mode 0 -e inf --expand-filter-clusters 1 --max-seq-id 0.95 

MMseqs Version:           	15.6f452
Expansion mode            	0
Substitution matrix       	aa:blosum62.out,nucl:nucleotide.out
Gap open cost             	aa:11,nucl:5
Gap extension cost        	aa:1,nucl:2
Max sequence length       	65535
Score bias                	0
Compositional bias        	1
Compositional bias        	1
E-value threshold         	inf
Seq. id. threshold        	0
Coverage threshold        	0
Coverage mode             	0
Pseudo count mode         	0
Pseudo count a            	substitution:1.100,context:1.400
Pseudo count b            	substitution:4.100,context:5.800
Expand filter clusters    	1
Use filter only at N seqs 	0
Maximum seq. id. threshold	0.95
Minimum seq. id.          	0.0
Minimum score per column  	-20
Minimum coverage          	0
Select N most diverse seqs	1000
Preload mode              	0
Compressed                	0
Threads                   	64
Verbosity                 	3

Index version: 16
Generated by:  17.b804f
ScoreMatrix:  VTML80.out
Index version: 16
Generated by:  17.b804f
ScoreMatrix:  VTML80.out
[=================================================================] 1 0s 4ms
Time for merging to res_exp: 0h 0m 0s 5ms
Time for processing: 0h 0m 15s 525ms
align results/msa_results/CTCF_bindingDNA_1_-_MYC_protein/prof_res MSA/uniref30_2302_db.idx results/msa_results/CTCF_bindingDNA_1_-_MYC_protein/res_exp results/msa_results/CTCF_bindingDNA_1_-_MYC_protein/res_exp_realign --db-load-mode 0 -e 10 --max-accept 100000 --threads 64 --alt-ali 10 -a 

MMseqs Version:           	15.6f452
Substitution matrix       	aa:blosum62.out,nucl:nucleotide.out
Add backtrace             	true
Alignment mode            	0
Alignment mode            	0
Allow wrapped scoring     	false
E-value threshold         	10
Seq. id. threshold        	0
Min alignment length      	0
Seq. id. mode             	0
Alternative alignments    	10
Coverage threshold        	0
Coverage mode             	0
Max sequence length       	65535
Compositional bias        	1
Compositional bias        	1
Max reject                	2147483647
Max accept                	100000
Include identical seq. id.	false
Preload mode              	0
Pseudo count a            	substitution:1.100,context:1.400
Pseudo count b            	substitution:4.100,context:5.800
Score bias                	0
Realign hits              	false
Realign score bias        	-0.2
Realign max seqs          	2147483647
Correlation score weight  	0
Gap open cost             	aa:11,nucl:5
Gap extension cost        	aa:1,nucl:2
Zdrop                     	40
Threads                   	64
Compressed                	0
Verbosity                 	3

Index version: 16
Generated by:  17.b804f
ScoreMatrix:  VTML80.out
Compute score, coverage and sequence identity
Query database size: 1 type: Profile
Target database size: 350950053 type: Aminoacid
Calculation of alignments
[=================================================================] 1 0s 14ms
Time for merging to res_exp_realign: 0h 0m 0s 0ms
15032 alignments calculated
14246 sequence pairs passed the thresholds (0.947712 of overall calculated)
14246.000000 hits per query sequence
Time for processing: 0h 0m 17s 729ms
filterresult results/msa_results/CTCF_bindingDNA_1_-_MYC_protein/qdb MSA/uniref30_2302_db.idx results/msa_results/CTCF_bindingDNA_1_-_MYC_protein/res_exp_realign results/msa_results/CTCF_bindingDNA_1_-_MYC_protein/res_exp_realign_filter --db-load-mode 0 --qid 0 --qsc 0.8 --diff 0 --threads 64 --max-seq-id 1.0 --filter-min-enable 100 

MMseqs Version:           	15.6f452
Substitution matrix       	aa:blosum62.out,nucl:nucleotide.out
Gap open cost             	aa:11,nucl:5
Gap extension cost        	aa:1,nucl:2
Compositional bias        	1
Compositional bias        	1
Allow deletions           	false
Use filter only at N seqs 	100
Maximum seq. id. threshold	1
Minimum seq. id.          	0
Minimum score per column  	0.8
Minimum coverage          	0
Select N most diverse seqs	0
Preload mode              	0
Threads                   	64
Compressed                	0
Include identical seq. id.	false
Verbosity                 	3

Index version: 16
Generated by:  17.b804f
ScoreMatrix:  VTML80.out
Query database size: 1 type: Aminoacid
Target database size: 350950053 type: Aminoacid
[=================================================================] 1 0s 4ms
Time for merging to res_exp_realign_filter: 0h 0m 0s 0ms
Time for processing: 0h 0m 13s 631ms
result2msa results/msa_results/CTCF_bindingDNA_1_-_MYC_protein/qdb MSA/uniref30_2302_db.idx results/msa_results/CTCF_bindingDNA_1_-_MYC_protein/res_exp_realign_filter results/msa_results/CTCF_bindingDNA_1_-_MYC_protein/uniref.a3m --msa-format-mode 6 --db-load-mode 0 --threads 64 --filter-msa 1 --filter-min-enable 1000 --diff 3000 --qid 0.0,0.2,0.4,0.6,0.8,1.0 --qsc 0 --max-seq-id 0.95 

MMseqs Version:           	15.6f452
Substitution matrix       	aa:blosum62.out,nucl:nucleotide.out
Gap open cost             	aa:11,nucl:5
Gap extension cost        	aa:1,nucl:2
Allow deletions           	false
Compositional bias        	1
Compositional bias        	1
MSA format mode           	6
Summary prefix            	cl
Skip query                	false
Filter MSA                	1
Use filter only at N seqs 	1000
Maximum seq. id. threshold	0.95
Minimum seq. id.          	0.0,0.2,0.4,0.6,0.8,1.0
Minimum score per column  	0
Minimum coverage          	0
Select N most diverse seqs	3000
Preload mode              	0
Threads                   	64
Compressed                	0
Verbosity                 	3

Index version: 16
Generated by:  17.b804f
ScoreMatrix:  VTML80.out
Index version: 16
Generated by:  17.b804f
ScoreMatrix:  VTML80.out
Query database size: 1 type: Aminoacid
Target database size: 350950053 type: Aminoacid
[=================================================================] 1 0s 3ms
Time for merging to uniref.a3m: 0h 0m 0s 0ms
Time for processing: 0h 0m 23s 578ms
rmdb results/msa_results/CTCF_bindingDNA_1_-_MYC_protein/res_exp_realign 

MMseqs Version:	15.6f452
Verbosity	3

Time for processing: 0h 0m 0s 0ms
rmdb results/msa_results/CTCF_bindingDNA_1_-_MYC_protein/res_exp 

MMseqs Version:	15.6f452
Verbosity	3

Time for processing: 0h 0m 0s 2ms
rmdb results/msa_results/CTCF_bindingDNA_1_-_MYC_protein/res 

MMseqs Version:	15.6f452
Verbosity	3

Time for processing: 0h 0m 0s 0ms
rmdb results/msa_results/CTCF_bindingDNA_1_-_MYC_protein/res_exp_realign_filter 

MMseqs Version:	15.6f452
Verbosity	3

Time for processing: 0h 0m 0s 0ms
Create directory results/msa_results/CTCF_bindingDNA_1_-_MYC_protein/tmp3
search results/msa_results/CTCF_bindingDNA_1_-_MYC_protein/prof_res MSA/colabfold_envdb_202108_db results/msa_results/CTCF_bindingDNA_1_-_MYC_protein/res_env results/msa_results/CTCF_bindingDNA_1_-_MYC_protein/tmp3 --threads 64 --num-iterations 3 --db-load-mode 0 -a -e 0.1 --max-seqs 10000 --k-score 'seq:96,prof:80' 

MMseqs Version:                        	15.6f452
Substitution matrix                    	aa:blosum62.out,nucl:nucleotide.out
Add backtrace                          	true
Alignment mode                         	2
Alignment mode                         	0
Allow wrapped scoring                  	false
E-value threshold                      	0.1
Seq. id. threshold                     	0
Min alignment length                   	0
Seq. id. mode                          	0
Alternative alignments                 	0
Coverage threshold                     	0
Coverage mode                          	0
Max sequence length                    	65535
Compositional bias                     	1
Compositional bias                     	1
Max reject                             	2147483647
Max accept                             	2147483647
Include identical seq. id.             	false
Preload mode                           	0
Pseudo count a                         	substitution:1.100,context:1.400
Pseudo count b                         	substitution:4.100,context:5.800
Score bias                             	0
Realign hits                           	false
Realign score bias                     	-0.2
Realign max seqs                       	2147483647
Correlation score weight               	0
Gap open cost                          	aa:11,nucl:5
Gap extension cost                     	aa:1,nucl:2
Zdrop                                  	40
Threads                                	64
Compressed                             	0
Verbosity                              	3
Seed substitution matrix               	aa:VTML80.out,nucl:nucleotide.out
Sensitivity                            	5.7
k-mer length                           	0
Target search mode                     	0
k-score                                	seq:2147483647,prof:2147483647
Alphabet size                          	aa:21,nucl:5
Max results per query                  	10000
Split database                         	0
Split mode                             	2
Split memory limit                     	0
Diagonal scoring                       	true
Exact k-mer matching                   	0
Mask residues                          	1
Mask residues probability              	0.9
Mask lower case residues               	0
Minimum diagonal score                 	15
Selected taxa                          	
Spaced k-mers                          	1
Spaced k-mer pattern                   	
Local temporary path                   	
Rescore mode                           	0
Remove hits by seq. id. and coverage   	false
Sort results                           	0
Mask profile                           	1
Profile E-value threshold              	0.1
Global sequence weighting              	false
Allow deletions                        	false
Filter MSA                             	1
Use filter only at N seqs              	0
Maximum seq. id. threshold             	0.9
Minimum seq. id.                       	0.0
Minimum score per column               	-20
Minimum coverage                       	0
Select N most diverse seqs             	1000
Pseudo count mode                      	0
Min codons in orf                      	30
Max codons in length                   	32734
Max orf gaps                           	2147483647
Contig start mode                      	2
Contig end mode                        	2
Orf start mode                         	1
Forward frames                         	1,2,3
Reverse frames                         	1,2,3
Translation table                      	1
Translate orf                          	0
Use all table starts                   	false
Offset of numeric ids                  	0
Create lookup                          	0
Add orf stop                           	false
Overlap between sequences              	0
Sequence split mode                    	1
Header split mode                      	0
Chain overlapping alignments           	0
Merge query                            	1
Search type                            	0
Search iterations                      	3
Start sensitivity                      	4
Search steps                           	1
Prefilter mode                         	0
Exhaustive search mode                 	false
Filter results during exhaustive search	0
Strand selection                       	1
LCA search mode                        	false
Disk space limit                       	0
MPI runner                             	
Force restart with latest tmp          	false
Remove temporary files                 	false

prefilter results/msa_results/CTCF_bindingDNA_1_-_MYC_protein/prof_res MSA/colabfold_envdb_202108_db.idx results/msa_results/CTCF_bindingDNA_1_-_MYC_protein/tmp3/13247661290665195407/pref_0 --sub-mat 'aa:blosum62.out,nucl:nucleotide.out' --seed-sub-mat 'aa:VTML80.out,nucl:nucleotide.out' -s 5.7 -k 0 --target-search-mode 0 --k-score seq:2147483647,prof:2147483647 --alph-size aa:21,nucl:5 --max-seq-len 65535 --max-seqs 10000 --split 0 --split-mode 2 --split-memory-limit 0 -c 0 --cov-mode 0 --comp-bias-corr 1 --comp-bias-corr-scale 1 --diag-score 1 --exact-kmer-matching 0 --mask 1 --mask-prob 0.9 --mask-lower-case 0 --min-ungapped-score 15 --add-self-matches 0 --spaced-kmer-mode 1 --db-load-mode 0 --pca substitution:1.100,context:1.400 --pcb substitution:4.100,context:5.800 --threads 64 --compressed 0 -v 3 

Index version: 16
Generated by:  17.b804f
ScoreMatrix:  VTML80.out
Query database size: 1 type: Profile
Target split mode. Searching through 4 splits
Estimated memory consumption: 238G
Target database size: 209335862 type: Aminoacid
Process prefiltering step 1 of 4

k-mer similarity threshold: 110
Starting prefiltering scores calculation (step 1 of 4)
Query db start 1 to 1
Target db start 1 to 51926069
[=================================================================] 1 0s 1ms

2182.174393 k-mers per position
2916610 DB matches per sequence
0 overflows
2700 sequences passed prefiltering per query sequence
2700 median result list length
0 sequences with 0 size result lists
Time for merging to pref_0_tmp_0: 0h 0m 0s 0ms
Time for merging to pref_0_tmp_0_tmp: 0h 0m 0s 0ms
Process prefiltering step 2 of 4

k-mer similarity threshold: 110
Starting prefiltering scores calculation (step 2 of 4)
Query db start 1 to 1
Target db start 51926070 to 103828268
[=================================================================] 1 0s 1ms

2182.174393 k-mers per position
2920127 DB matches per sequence
0 overflows
2700 sequences passed prefiltering per query sequence
2700 median result list length
0 sequences with 0 size result lists
Time for merging to pref_0_tmp_1: 0h 0m 0s 0ms
Time for merging to pref_0_tmp_1_tmp: 0h 0m 0s 0ms
Process prefiltering step 3 of 4

k-mer similarity threshold: 110
Starting prefiltering scores calculation (step 3 of 4)
Query db start 1 to 1
Target db start 103828269 to 156480033
[=================================================================] 1 0s 1ms

2182.174393 k-mers per position
2920011 DB matches per sequence
0 overflows
2700 sequences passed prefiltering per query sequence
2700 median result list length
0 sequences with 0 size result lists
Time for merging to pref_0_tmp_2: 0h 0m 0s 0ms
Time for merging to pref_0_tmp_2_tmp: 0h 0m 0s 0ms
Process prefiltering step 4 of 4

k-mer similarity threshold: 110
Starting prefiltering scores calculation (step 4 of 4)
Query db start 1 to 1
Target db start 156480034 to 209335862
[=================================================================] 1 0s 0ms

2182.174393 k-mers per position
2926179 DB matches per sequence
0 overflows
2700 sequences passed prefiltering per query sequence
2700 median result list length
0 sequences with 0 size result lists
Time for merging to pref_0_tmp_3: 0h 0m 0s 0ms
Time for merging to pref_0_tmp_3_tmp: 0h 0m 0s 0ms
Merging 4 target splits to pref_0
Preparing offsets for merging: 0h 0m 0s 0ms
[=================================================================] 1 0s 0ms
Time for merging to pref_0: 0h 0m 0s 6ms
Time for merging target splits: 0h 0m 0s 75ms
Time for merging to pref_0_tmp: 0h 0m 0s 8ms
Time for processing: 0h 0m 50s 630ms
align results/msa_results/CTCF_bindingDNA_1_-_MYC_protein/prof_res MSA/colabfold_envdb_202108_db.idx results/msa_results/CTCF_bindingDNA_1_-_MYC_protein/tmp3/13247661290665195407/pref_0 results/msa_results/CTCF_bindingDNA_1_-_MYC_protein/tmp3/13247661290665195407/aln_0 --sub-mat 'aa:blosum62.out,nucl:nucleotide.out' -a 1 --alignment-mode 2 --alignment-output-mode 0 --wrapped-scoring 0 -e 0.1 --min-seq-id 0 --min-aln-len 0 --seq-id-mode 0 --alt-ali 0 -c 0 --cov-mode 0 --max-seq-len 65535 --comp-bias-corr 1 --comp-bias-corr-scale 1 --max-rejected 2147483647 --max-accept 2147483647 --add-self-matches 0 --db-load-mode 0 --pca substitution:1.100,context:1.400 --pcb substitution:4.100,context:5.800 --score-bias 0 --realign 1 --realign-score-bias -0.2 --realign-max-seqs 2147483647 --corr-score-weight 0 --gap-open aa:11,nucl:5 --gap-extend aa:1,nucl:2 --zdrop 40 --threads 64 --compressed 0 -v 3 

Index version: 16
Generated by:  17.b804f
ScoreMatrix:  VTML80.out
Compute score only
Query database size: 1 type: Profile
Target database size: 209335862 type: Aminoacid
Calculation of alignments
[=================================================================] 1 0s 7ms
Time for merging to aln_0: 0h 0m 0s 0ms
10800 alignments calculated
1145 sequence pairs passed the thresholds (0.106019 of overall calculated)
1145.000000 hits per query sequence
Time for processing: 0h 0m 5s 321ms
result2profile results/msa_results/CTCF_bindingDNA_1_-_MYC_protein/prof_res MSA/colabfold_envdb_202108_db.idx results/msa_results/CTCF_bindingDNA_1_-_MYC_protein/tmp3/13247661290665195407/aln_0 results/msa_results/CTCF_bindingDNA_1_-_MYC_protein/tmp3/13247661290665195407/profile_0 --sub-mat 'aa:blosum62.out,nucl:nucleotide.out' -e 0.1 --mask-profile 1 --e-profile 0.1 --comp-bias-corr 1 --comp-bias-corr-scale 1 --wg 0 --allow-deletion 0 --filter-msa 1 --filter-min-enable 0 --max-seq-id 0.9 --qid '0.0' --qsc -20 --cov 0 --diff 1000 --pseudo-cnt-mode 0 --pca substitution:1.100,context:1.400 --pcb substitution:4.100,context:5.800 --db-load-mode 0 --gap-open aa:11,nucl:5 --gap-extend aa:1,nucl:2 --threads 64 --compressed 0 -v 3 

Index version: 16
Generated by:  17.b804f
ScoreMatrix:  VTML80.out
Query database size: 1 type: Profile
Target database size: 209335862 type: Aminoacid
[=================================================================] 1 0s 6ms
Time for merging to profile_0: 0h 0m 0s 0ms
Time for processing: 0h 0m 4s 985ms
prefilter results/msa_results/CTCF_bindingDNA_1_-_MYC_protein/tmp3/13247661290665195407/profile_0 MSA/colabfold_envdb_202108_db.idx results/msa_results/CTCF_bindingDNA_1_-_MYC_protein/tmp3/13247661290665195407/pref_tmp_1 --sub-mat 'aa:blosum62.out,nucl:nucleotide.out' --seed-sub-mat 'aa:VTML80.out,nucl:nucleotide.out' -s 5.7 -k 0 --target-search-mode 0 --k-score seq:2147483647,prof:2147483647 --alph-size aa:21,nucl:5 --max-seq-len 65535 --max-seqs 10000 --split 0 --split-mode 2 --split-memory-limit 0 -c 0 --cov-mode 0 --comp-bias-corr 1 --comp-bias-corr-scale 1 --diag-score 1 --exact-kmer-matching 0 --mask 1 --mask-prob 0.9 --mask-lower-case 0 --min-ungapped-score 15 --add-self-matches 0 --spaced-kmer-mode 1 --db-load-mode 0 --pca substitution:1.100,context:1.400 --pcb substitution:4.100,context:5.800 --threads 64 --compressed 0 -v 3 

Index version: 16
Generated by:  17.b804f
ScoreMatrix:  VTML80.out
Query database size: 1 type: Profile
Target split mode. Searching through 4 splits
Estimated memory consumption: 238G
Target database size: 209335862 type: Aminoacid
Process prefiltering step 1 of 4

k-mer similarity threshold: 110
Starting prefiltering scores calculation (step 1 of 4)
Query db start 1 to 1
Target db start 1 to 51926069
[=================================================================] 1 0s 2ms

2544.516556 k-mers per position
3475263 DB matches per sequence
0 overflows
2700 sequences passed prefiltering per query sequence
2700 median result list length
0 sequences with 0 size result lists
Time for merging to pref_tmp_1_tmp_0: 0h 0m 0s 0ms
Time for merging to pref_tmp_1_tmp_0_tmp: 0h 0m 0s 0ms
Process prefiltering step 2 of 4

k-mer similarity threshold: 110
Starting prefiltering scores calculation (step 2 of 4)
Query db start 1 to 1
Target db start 51926070 to 103828268
[=================================================================] 1 0s 1ms

2544.516556 k-mers per position
3487589 DB matches per sequence
0 overflows
2700 sequences passed prefiltering per query sequence
2700 median result list length
0 sequences with 0 size result lists
Time for merging to pref_tmp_1_tmp_1: 0h 0m 0s 0ms
Time for merging to pref_tmp_1_tmp_1_tmp: 0h 0m 0s 0ms
Process prefiltering step 3 of 4

k-mer similarity threshold: 110
Starting prefiltering scores calculation (step 3 of 4)
Query db start 1 to 1
Target db start 103828269 to 156480033
[=================================================================] 1 0s 1ms

2544.516556 k-mers per position
3485722 DB matches per sequence
0 overflows
2700 sequences passed prefiltering per query sequence
2700 median result list length
0 sequences with 0 size result lists
Time for merging to pref_tmp_1_tmp_2: 0h 0m 0s 0ms
Time for merging to pref_tmp_1_tmp_2_tmp: 0h 0m 0s 0ms
Process prefiltering step 4 of 4

k-mer similarity threshold: 110
Starting prefiltering scores calculation (step 4 of 4)
Query db start 1 to 1
Target db start 156480034 to 209335862
[=================================================================] 1 0s 0ms

2544.516556 k-mers per position
3499589 DB matches per sequence
0 overflows
2700 sequences passed prefiltering per query sequence
2700 median result list length
0 sequences with 0 size result lists
Time for merging to pref_tmp_1_tmp_3: 0h 0m 0s 0ms
Time for merging to pref_tmp_1_tmp_3_tmp: 0h 0m 0s 0ms
Merging 4 target splits to pref_tmp_1
Preparing offsets for merging: 0h 0m 0s 0ms
[=================================================================] 1 0s 0ms
Time for merging to pref_tmp_1: 0h 0m 0s 6ms
Time for merging target splits: 0h 0m 0s 61ms
Time for merging to pref_tmp_1_tmp: 0h 0m 0s 8ms
Time for processing: 0h 0m 49s 128ms
subtractdbs results/msa_results/CTCF_bindingDNA_1_-_MYC_protein/tmp3/13247661290665195407/pref_tmp_1 results/msa_results/CTCF_bindingDNA_1_-_MYC_protein/tmp3/13247661290665195407/aln_0 results/msa_results/CTCF_bindingDNA_1_-_MYC_protein/tmp3/13247661290665195407/pref_1 --threads 64 --e-profile 0.1 -e 0.1 --compressed 0 -v 3 

subtractdbs results/msa_results/CTCF_bindingDNA_1_-_MYC_protein/tmp3/13247661290665195407/pref_tmp_1 results/msa_results/CTCF_bindingDNA_1_-_MYC_protein/tmp3/13247661290665195407/aln_0 results/msa_results/CTCF_bindingDNA_1_-_MYC_protein/tmp3/13247661290665195407/pref_1 --threads 64 --e-profile 0.1 -e 0.1 --compressed 0 -v 3 

Remove results/msa_results/CTCF_bindingDNA_1_-_MYC_protein/tmp3/13247661290665195407/aln_0 ids from results/msa_results/CTCF_bindingDNA_1_-_MYC_protein/tmp3/13247661290665195407/pref_tmp_1
[=================================================================] 1 0s 4ms
Time for merging to pref_1: 0h 0m 0s 5ms
Time for processing: 0h 0m 0s 74ms
rmdb results/msa_results/CTCF_bindingDNA_1_-_MYC_protein/tmp3/13247661290665195407/pref_tmp_1 

Time for processing: 0h 0m 0s 0ms
align results/msa_results/CTCF_bindingDNA_1_-_MYC_protein/tmp3/13247661290665195407/profile_0 MSA/colabfold_envdb_202108_db.idx results/msa_results/CTCF_bindingDNA_1_-_MYC_protein/tmp3/13247661290665195407/pref_1 results/msa_results/CTCF_bindingDNA_1_-_MYC_protein/tmp3/13247661290665195407/aln_tmp_1 --sub-mat 'aa:blosum62.out,nucl:nucleotide.out' -a 1 --alignment-mode 2 --alignment-output-mode 0 --wrapped-scoring 0 -e 0.1 --min-seq-id 0 --min-aln-len 0 --seq-id-mode 0 --alt-ali 0 -c 0 --cov-mode 0 --max-seq-len 65535 --comp-bias-corr 1 --comp-bias-corr-scale 1 --max-rejected 2147483647 --max-accept 2147483647 --add-self-matches 0 --db-load-mode 0 --pca substitution:1.100,context:1.400 --pcb substitution:4.100,context:5.800 --score-bias 0 --realign 0 --realign-score-bias -0.2 --realign-max-seqs 2147483647 --corr-score-weight 0 --gap-open aa:11,nucl:5 --gap-extend aa:1,nucl:2 --zdrop 40 --threads 64 --compressed 0 -v 3 

Index version: 16
Generated by:  17.b804f
ScoreMatrix:  VTML80.out
Compute score, coverage and sequence identity
Query database size: 1 type: Profile
Target database size: 209335862 type: Aminoacid
Calculation of alignments
[=================================================================] 1 0s 7ms
Time for merging to aln_tmp_1: 0h 0m 0s 0ms
9680 alignments calculated
1122 sequence pairs passed the thresholds (0.115909 of overall calculated)
1122.000000 hits per query sequence
Time for processing: 0h 0m 5s 233ms
mergedbs results/msa_results/CTCF_bindingDNA_1_-_MYC_protein/tmp3/13247661290665195407/profile_0 results/msa_results/CTCF_bindingDNA_1_-_MYC_protein/tmp3/13247661290665195407/aln_1 results/msa_results/CTCF_bindingDNA_1_-_MYC_protein/tmp3/13247661290665195407/aln_0 results/msa_results/CTCF_bindingDNA_1_-_MYC_protein/tmp3/13247661290665195407/aln_tmp_1 

Merging the results to results/msa_results/CTCF_bindingDNA_1_-_MYC_protein/tmp3/13247661290665195407/aln_1
[=================================================================] 1 0s 0ms
Time for merging to aln_1: 0h 0m 0s 0ms
Time for processing: 0h 0m 0s 2ms
rmdb results/msa_results/CTCF_bindingDNA_1_-_MYC_protein/tmp3/13247661290665195407/aln_0 

Time for processing: 0h 0m 0s 0ms
rmdb results/msa_results/CTCF_bindingDNA_1_-_MYC_protein/tmp3/13247661290665195407/aln_tmp_1 

Time for processing: 0h 0m 0s 0ms
result2profile results/msa_results/CTCF_bindingDNA_1_-_MYC_protein/tmp3/13247661290665195407/profile_0 MSA/colabfold_envdb_202108_db.idx results/msa_results/CTCF_bindingDNA_1_-_MYC_protein/tmp3/13247661290665195407/aln_1 results/msa_results/CTCF_bindingDNA_1_-_MYC_protein/tmp3/13247661290665195407/profile_1 --sub-mat 'aa:blosum62.out,nucl:nucleotide.out' -e 0.1 --mask-profile 1 --e-profile 0.1 --comp-bias-corr 1 --comp-bias-corr-scale 1 --wg 0 --allow-deletion 0 --filter-msa 1 --filter-min-enable 0 --max-seq-id 0.9 --qid '0.0' --qsc -20 --cov 0 --diff 1000 --pseudo-cnt-mode 0 --pca substitution:1.100,context:1.400 --pcb substitution:4.100,context:5.800 --db-load-mode 0 --gap-open aa:11,nucl:5 --gap-extend aa:1,nucl:2 --threads 64 --compressed 0 -v 3 

Index version: 16
Generated by:  17.b804f
ScoreMatrix:  VTML80.out
Query database size: 1 type: Profile
Target database size: 209335862 type: Aminoacid
[=================================================================] 1 0s 7ms
Time for merging to profile_1: 0h 0m 0s 0ms
Time for processing: 0h 0m 5s 312ms
prefilter results/msa_results/CTCF_bindingDNA_1_-_MYC_protein/tmp3/13247661290665195407/profile_1 MSA/colabfold_envdb_202108_db.idx results/msa_results/CTCF_bindingDNA_1_-_MYC_protein/tmp3/13247661290665195407/pref_tmp_2 --sub-mat 'aa:blosum62.out,nucl:nucleotide.out' --seed-sub-mat 'aa:VTML80.out,nucl:nucleotide.out' -s 5.7 -k 0 --target-search-mode 0 --k-score seq:2147483647,prof:2147483647 --alph-size aa:21,nucl:5 --max-seq-len 65535 --max-seqs 10000 --split 0 --split-mode 2 --split-memory-limit 0 -c 0 --cov-mode 0 --comp-bias-corr 1 --comp-bias-corr-scale 1 --diag-score 1 --exact-kmer-matching 0 --mask 1 --mask-prob 0.9 --mask-lower-case 0 --min-ungapped-score 15 --add-self-matches 0 --spaced-kmer-mode 1 --db-load-mode 0 --pca substitution:1.100,context:1.400 --pcb substitution:4.100,context:5.800 --threads 64 --compressed 0 -v 3 

Index version: 16
Generated by:  17.b804f
ScoreMatrix:  VTML80.out
Query database size: 1 type: Profile
Target split mode. Searching through 4 splits
Estimated memory consumption: 238G
Target database size: 209335862 type: Aminoacid
Process prefiltering step 1 of 4

k-mer similarity threshold: 110
Starting prefiltering scores calculation (step 1 of 4)
Query db start 1 to 1
Target db start 1 to 51926069
[=================================================================] 1 0s 1ms

2426.501104 k-mers per position
3334333 DB matches per sequence
0 overflows
2700 sequences passed prefiltering per query sequence
2700 median result list length
0 sequences with 0 size result lists
Time for merging to pref_tmp_2_tmp_0: 0h 0m 0s 0ms
Time for merging to pref_tmp_2_tmp_0_tmp: 0h 0m 0s 0ms
Process prefiltering step 2 of 4

k-mer similarity threshold: 110
Starting prefiltering scores calculation (step 2 of 4)
Query db start 1 to 1
Target db start 51926070 to 103828268
[=================================================================] 1 0s 1ms

2426.501104 k-mers per position
3344354 DB matches per sequence
0 overflows
2700 sequences passed prefiltering per query sequence
2700 median result list length
0 sequences with 0 size result lists
Time for merging to pref_tmp_2_tmp_1: 0h 0m 0s 0ms
Time for merging to pref_tmp_2_tmp_1_tmp: 0h 0m 0s 0ms
Process prefiltering step 3 of 4

k-mer similarity threshold: 110
Starting prefiltering scores calculation (step 3 of 4)
Query db start 1 to 1
Target db start 103828269 to 156480033
[=================================================================] 1 0s 0ms

2426.501104 k-mers per position
3341058 DB matches per sequence
0 overflows
2700 sequences passed prefiltering per query sequence
2700 median result list length
0 sequences with 0 size result lists
Time for merging to pref_tmp_2_tmp_2: 0h 0m 0s 0ms
Time for merging to pref_tmp_2_tmp_2_tmp: 0h 0m 0s 0ms
Process prefiltering step 4 of 4

k-mer similarity threshold: 110
Starting prefiltering scores calculation (step 4 of 4)
Query db start 1 to 1
Target db start 156480034 to 209335862
[=================================================================] 1 0s 0ms

2426.501104 k-mers per position
3351136 DB matches per sequence
0 overflows
2700 sequences passed prefiltering per query sequence
2700 median result list length
0 sequences with 0 size result lists
Time for merging to pref_tmp_2_tmp_3: 0h 0m 0s 0ms
Time for merging to pref_tmp_2_tmp_3_tmp: 0h 0m 0s 0ms
Merging 4 target splits to pref_tmp_2
Preparing offsets for merging: 0h 0m 0s 0ms
[=================================================================] 1 0s 0ms
Time for merging to pref_tmp_2: 0h 0m 0s 6ms
Time for merging target splits: 0h 0m 0s 53ms
Time for merging to pref_tmp_2_tmp: 0h 0m 0s 7ms
Time for processing: 0h 0m 53s 705ms
subtractdbs results/msa_results/CTCF_bindingDNA_1_-_MYC_protein/tmp3/13247661290665195407/pref_tmp_2 results/msa_results/CTCF_bindingDNA_1_-_MYC_protein/tmp3/13247661290665195407/aln_1 results/msa_results/CTCF_bindingDNA_1_-_MYC_protein/tmp3/13247661290665195407/pref_2 --threads 64 --e-profile 0.1 -e 0.1 --compressed 0 -v 3 

subtractdbs results/msa_results/CTCF_bindingDNA_1_-_MYC_protein/tmp3/13247661290665195407/pref_tmp_2 results/msa_results/CTCF_bindingDNA_1_-_MYC_protein/tmp3/13247661290665195407/aln_1 results/msa_results/CTCF_bindingDNA_1_-_MYC_protein/tmp3/13247661290665195407/pref_2 --threads 64 --e-profile 0.1 -e 0.1 --compressed 0 -v 3 

Remove results/msa_results/CTCF_bindingDNA_1_-_MYC_protein/tmp3/13247661290665195407/aln_1 ids from results/msa_results/CTCF_bindingDNA_1_-_MYC_protein/tmp3/13247661290665195407/pref_tmp_2
[=================================================================] 1 0s 3ms
Time for merging to pref_2: 0h 0m 0s 5ms
Time for processing: 0h 0m 0s 68ms
rmdb results/msa_results/CTCF_bindingDNA_1_-_MYC_protein/tmp3/13247661290665195407/pref_tmp_2 

Time for processing: 0h 0m 0s 0ms
align results/msa_results/CTCF_bindingDNA_1_-_MYC_protein/tmp3/13247661290665195407/profile_1 MSA/colabfold_envdb_202108_db.idx results/msa_results/CTCF_bindingDNA_1_-_MYC_protein/tmp3/13247661290665195407/pref_2 results/msa_results/CTCF_bindingDNA_1_-_MYC_protein/tmp3/13247661290665195407/aln_tmp_2 --sub-mat 'aa:blosum62.out,nucl:nucleotide.out' -a 1 --alignment-mode 2 --alignment-output-mode 0 --wrapped-scoring 0 -e 0.1 --min-seq-id 0 --min-aln-len 0 --seq-id-mode 0 --alt-ali 0 -c 0 --cov-mode 0 --max-seq-len 65535 --comp-bias-corr 1 --comp-bias-corr-scale 1 --max-rejected 2147483647 --max-accept 2147483647 --add-self-matches 0 --db-load-mode 0 --pca substitution:1.100,context:1.400 --pcb substitution:4.100,context:5.800 --score-bias 0 --realign 0 --realign-score-bias -0.2 --realign-max-seqs 2147483647 --corr-score-weight 0 --gap-open aa:11,nucl:5 --gap-extend aa:1,nucl:2 --zdrop 40 --threads 64 --compressed 0 -v 3 

Index version: 16
Generated by:  17.b804f
ScoreMatrix:  VTML80.out
Compute score, coverage and sequence identity
Query database size: 1 type: Profile
Target database size: 209335862 type: Aminoacid
Calculation of alignments
[=================================================================] 1 0s 7ms
Time for merging to aln_tmp_2: 0h 0m 0s 0ms
8674 alignments calculated
632 sequence pairs passed the thresholds (0.072861 of overall calculated)
632.000000 hits per query sequence
Time for processing: 0h 0m 5s 82ms
mergedbs results/msa_results/CTCF_bindingDNA_1_-_MYC_protein/tmp3/13247661290665195407/profile_1 results/msa_results/CTCF_bindingDNA_1_-_MYC_protein/res_env results/msa_results/CTCF_bindingDNA_1_-_MYC_protein/tmp3/13247661290665195407/aln_1 results/msa_results/CTCF_bindingDNA_1_-_MYC_protein/tmp3/13247661290665195407/aln_tmp_2 

Merging the results to results/msa_results/CTCF_bindingDNA_1_-_MYC_protein/res_env
[=================================================================] 1 0s 0ms
Time for merging to res_env: 0h 0m 0s 0ms
Time for processing: 0h 0m 0s 1ms
rmdb results/msa_results/CTCF_bindingDNA_1_-_MYC_protein/tmp3/13247661290665195407/aln_1 

Time for processing: 0h 0m 0s 0ms
rmdb results/msa_results/CTCF_bindingDNA_1_-_MYC_protein/tmp3/13247661290665195407/aln_tmp_2 

Time for processing: 0h 0m 0s 0ms
expandaln results/msa_results/CTCF_bindingDNA_1_-_MYC_protein/prof_res MSA/colabfold_envdb_202108_db.idx results/msa_results/CTCF_bindingDNA_1_-_MYC_protein/res_env MSA/colabfold_envdb_202108_db.idx results/msa_results/CTCF_bindingDNA_1_-_MYC_protein/res_env_exp -e inf --expansion-mode 0 --db-load-mode 0 --threads 64 

MMseqs Version:           	15.6f452
Expansion mode            	0
Substitution matrix       	aa:blosum62.out,nucl:nucleotide.out
Gap open cost             	aa:11,nucl:5
Gap extension cost        	aa:1,nucl:2
Max sequence length       	65535
Score bias                	0
Compositional bias        	1
Compositional bias        	1
E-value threshold         	inf
Seq. id. threshold        	0
Coverage threshold        	0
Coverage mode             	0
Pseudo count mode         	0
Pseudo count a            	substitution:1.100,context:1.400
Pseudo count b            	substitution:4.100,context:5.800
Expand filter clusters    	0
Use filter only at N seqs 	0
Maximum seq. id. threshold	0.9
Minimum seq. id.          	0.0
Minimum score per column  	-20
Minimum coverage          	0
Select N most diverse seqs	1000
Preload mode              	0
Compressed                	0
Threads                   	64
Verbosity                 	3

Index version: 16
Generated by:  17.b804f
ScoreMatrix:  VTML80.out
Index version: 16
Generated by:  17.b804f
ScoreMatrix:  VTML80.out
[=================================================================] 1 0s 36ms
Time for merging to res_env_exp: 0h 0m 0s 9ms
Time for processing: 0h 0m 19s 749ms
align results/msa_results/CTCF_bindingDNA_1_-_MYC_protein/tmp3/latest/profile_1 MSA/colabfold_envdb_202108_db.idx results/msa_results/CTCF_bindingDNA_1_-_MYC_protein/res_env_exp results/msa_results/CTCF_bindingDNA_1_-_MYC_protein/res_env_exp_realign --db-load-mode 0 -e 10 --max-accept 100000 --threads 64 --alt-ali 10 -a 

MMseqs Version:           	15.6f452
Substitution matrix       	aa:blosum62.out,nucl:nucleotide.out
Add backtrace             	true
Alignment mode            	0
Alignment mode            	0
Allow wrapped scoring     	false
E-value threshold         	10
Seq. id. threshold        	0
Min alignment length      	0
Seq. id. mode             	0
Alternative alignments    	10
Coverage threshold        	0
Coverage mode             	0
Max sequence length       	65535
Compositional bias        	1
Compositional bias        	1
Max reject                	2147483647
Max accept                	100000
Include identical seq. id.	false
Preload mode              	0
Pseudo count a            	substitution:1.100,context:1.400
Pseudo count b            	substitution:4.100,context:5.800
Score bias                	0
Realign hits              	false
Realign score bias        	-0.2
Realign max seqs          	2147483647
Correlation score weight  	0
Gap open cost             	aa:11,nucl:5
Gap extension cost        	aa:1,nucl:2
Zdrop                     	40
Threads                   	64
Compressed                	0
Verbosity                 	3

Index version: 16
Generated by:  17.b804f
ScoreMatrix:  VTML80.out
Compute score, coverage and sequence identity
Query database size: 1 type: Profile
Target database size: 738695581 type: Aminoacid
Calculation of alignments
[=================================================================] 1 0s 8ms
Time for merging to res_env_exp_realign: 0h 0m 0s 0ms
13565 alignments calculated
11999 sequence pairs passed the thresholds (0.884556 of overall calculated)
11999.000000 hits per query sequence
Time for processing: 0h 0m 17s 320ms
filterresult results/msa_results/CTCF_bindingDNA_1_-_MYC_protein/qdb MSA/colabfold_envdb_202108_db.idx results/msa_results/CTCF_bindingDNA_1_-_MYC_protein/res_env_exp_realign results/msa_results/CTCF_bindingDNA_1_-_MYC_protein/res_env_exp_realign_filter --db-load-mode 0 --qid 0 --qsc 0.8 --diff 0 --max-seq-id 1.0 --threads 64 --filter-min-enable 100 

MMseqs Version:           	15.6f452
Substitution matrix       	aa:blosum62.out,nucl:nucleotide.out
Gap open cost             	aa:11,nucl:5
Gap extension cost        	aa:1,nucl:2
Compositional bias        	1
Compositional bias        	1
Allow deletions           	false
Use filter only at N seqs 	100
Maximum seq. id. threshold	1
Minimum seq. id.          	0
Minimum score per column  	0.8
Minimum coverage          	0
Select N most diverse seqs	0
Preload mode              	0
Threads                   	64
Compressed                	0
Include identical seq. id.	false
Verbosity                 	3

Index version: 16
Generated by:  17.b804f
ScoreMatrix:  VTML80.out
Query database size: 1 type: Aminoacid
Target database size: 738695581 type: Aminoacid
[=================================================================] 1 0s 3ms
Time for merging to res_env_exp_realign_filter: 0h 0m 0s 0ms
Time for processing: 0h 0m 16s 96ms
result2msa results/msa_results/CTCF_bindingDNA_1_-_MYC_protein/qdb MSA/colabfold_envdb_202108_db.idx results/msa_results/CTCF_bindingDNA_1_-_MYC_protein/res_env_exp_realign_filter results/msa_results/CTCF_bindingDNA_1_-_MYC_protein/bfd.mgnify30.metaeuk30.smag30.a3m --msa-format-mode 6 --db-load-mode 0 --threads 64 --filter-msa 1 --filter-min-enable 1000 --diff 3000 --qid 0.0,0.2,0.4,0.6,0.8,1.0 --qsc 0 --max-seq-id 0.95 

MMseqs Version:           	15.6f452
Substitution matrix       	aa:blosum62.out,nucl:nucleotide.out
Gap open cost             	aa:11,nucl:5
Gap extension cost        	aa:1,nucl:2
Allow deletions           	false
Compositional bias        	1
Compositional bias        	1
MSA format mode           	6
Summary prefix            	cl
Skip query                	false
Filter MSA                	1
Use filter only at N seqs 	1000
Maximum seq. id. threshold	0.95
Minimum seq. id.          	0.0,0.2,0.4,0.6,0.8,1.0
Minimum score per column  	0
Minimum coverage          	0
Select N most diverse seqs	3000
Preload mode              	0
Threads                   	64
Compressed                	0
Verbosity                 	3

Index version: 16
Generated by:  17.b804f
ScoreMatrix:  VTML80.out
Index version: 16
Generated by:  17.b804f
ScoreMatrix:  VTML80.out
Query database size: 1 type: Aminoacid
Target database size: 738695581 type: Aminoacid
[=================================================================] 1 0s 3ms
Time for merging to bfd.mgnify30.metaeuk30.smag30.a3m: 0h 0m 0s 0ms
Time for processing: 0h 0m 22s 771ms
rmdb results/msa_results/CTCF_bindingDNA_1_-_MYC_protein/res_env_exp_realign_filter 

MMseqs Version:	15.6f452
Verbosity	3

Time for processing: 0h 0m 0s 0ms
rmdb results/msa_results/CTCF_bindingDNA_1_-_MYC_protein/res_env_exp_realign 

MMseqs Version:	15.6f452
Verbosity	3

Time for processing: 0h 0m 0s 0ms
rmdb results/msa_results/CTCF_bindingDNA_1_-_MYC_protein/res_env_exp 

MMseqs Version:	15.6f452
Verbosity	3

Time for processing: 0h 0m 0s 2ms
rmdb results/msa_results/CTCF_bindingDNA_1_-_MYC_protein/res_env 

MMseqs Version:	15.6f452
Verbosity	3

Time for processing: 0h 0m 0s 0ms
mergedbs results/msa_results/CTCF_bindingDNA_1_-_MYC_protein/qdb results/msa_results/CTCF_bindingDNA_1_-_MYC_protein/final.a3m results/msa_results/CTCF_bindingDNA_1_-_MYC_protein/uniref.a3m results/msa_results/CTCF_bindingDNA_1_-_MYC_protein/bfd.mgnify30.metaeuk30.smag30.a3m 

MMseqs Version:       	15.6f452
Merge prefixes        	
Stop merge after empty	false
Compressed            	0
Verbosity             	3

Merging the results to results/msa_results/CTCF_bindingDNA_1_-_MYC_protein/final.a3m
[=================================================================] 1 0s 0ms
Time for merging to final.a3m: 0h 0m 0s 0ms
Time for processing: 0h 0m 0s 13ms
rmdb results/msa_results/CTCF_bindingDNA_1_-_MYC_protein/bfd.mgnify30.metaeuk30.smag30.a3m 

MMseqs Version:	15.6f452
Verbosity	3

Time for processing: 0h 0m 0s 0ms
unpackdb results/msa_results/CTCF_bindingDNA_1_-_MYC_protein/final.a3m results/msa_results/CTCF_bindingDNA_1_-_MYC_protein --unpack-name-mode 0 --unpack-suffix .a3m 

MMseqs Version: 	15.6f452
Unpack name mode	0
Unpack suffix   	.a3m
Threads         	255
Verbosity       	3

[=================================================================] 1 0s 17ms
Time for processing: 0h 0m 0s 30ms
rmdb results/msa_results/CTCF_bindingDNA_1_-_MYC_protein/final.a3m 

MMseqs Version:	15.6f452
Verbosity	3

Time for processing: 0h 0m 0s 1ms
rmdb results/msa_results/CTCF_bindingDNA_1_-_MYC_protein/uniref.a3m 

MMseqs Version:	15.6f452
Verbosity	3

Time for processing: 0h 0m 0s 1ms
rmdb results/msa_results/CTCF_bindingDNA_1_-_MYC_protein/res 

MMseqs Version:	15.6f452
Verbosity	3

Time for processing: 0h 0m 0s 0ms
rmdb results/msa_results/CTCF_bindingDNA_1_-_MYC_protein/qdb 

MMseqs Version:	15.6f452
Verbosity	3

Time for processing: 0h 0m 0s 0ms
rmdb results/msa_results/CTCF_bindingDNA_1_-_MYC_protein/qdb_h 

MMseqs Version:	15.6f452
Verbosity	3

Time for processing: 0h 0m 0s 0ms
STEP 1 done in 364s
STEP 2 done in 0s
Run name: CTCF_bindingDNA_1_-_MYC_protein
Reading FASTA: Sequences/Protein/MYC_protein.fasta
  length = 453
Reading FASTA: Sequences/DNA/CTCF_bindingDNA_1_-.fasta
  length = 229
Created JSON: results/json_results/CTCF_bindingDNA_1_-_MYC_protein.json
STEP 3 done in 0s
Try to find the ccd cache data in the code directory for inference.
[2025-05-04 00:54:42,455] [INFO] [real_accelerator.py:239:get_accelerator] Setting ds_accelerator to cuda (auto detect)
2025-05-04 00:54:45,538 [/home/swyun/.local/lib/python3.12/site-packages/runner/batch_inference.py:296] INFO runner.batch_inference: run infer with input=results/json_results/CTCF_bindingDNA_1_-_MYC_protein.json, out_dir=results/af3_results/CTCF_bindingDNA_1_-_MYC_protein, cycle=12, step=200, sample=5, use_msa_server=False
2025-05-04 00:54:45,538 [/home/swyun/.local/lib/python3.12/site-packages/runner/batch_inference.py:212] INFO runner.batch_inference: will infer with 1 jsons
2025-05-04 00:54:45,546 [/home/swyun/.local/lib/python3.12/site-packages/runner/inference.py:159] INFO runner.inference: Distributed environment: world size: 1, global rank: 0, local rank: 0
2025-05-04 00:54:45,546 [/home/swyun/.local/lib/python3.12/site-packages/runner/inference.py:65] INFO root: LOCAL_RANK: 0 - CUDA_VISIBLE_DEVICES: [0,1,2,3,4,5,6,7]
2025-05-04 00:54:45,546 [/home/swyun/.local/lib/python3.12/site-packages/runner/inference.py:89] INFO root: Finished init ENV.
2025-05-04 00:54:52,359 [/home/swyun/.local/lib/python3.12/site-packages/runner/inference.py:159] INFO runner.inference: Loading from /home/swyun/.local/lib/python3.12/site-packages/./release_data/checkpoint/model_v0.2.0.pt, strict: True
2025-05-04 00:54:53,273 [/home/swyun/.local/lib/python3.12/site-packages/runner/inference.py:159] INFO runner.inference: Sampled key: module.input_embedder.atom_attention_encoder.linear_no_bias_f.weight
2025-05-04 00:54:53,398 [/home/swyun/.local/lib/python3.12/site-packages/runner/inference.py:159] INFO runner.inference: Finish loading checkpoint.
train scheduler 16.0
inference scheduler 16.0
Diffusion Module has 16.0
  0%|          | 0/1 [00:00<?, ?it/s]2025-05-04 00:54:53,407 [/home/swyun/.local/lib/python3.12/site-packages/runner/msa_search.py:120] INFO runner.msa_search: do not need to update msa result, so return itself results/json_results/CTCF_bindingDNA_1_-_MYC_protein.json
2025-05-04 00:54:53,407 [/home/swyun/.local/lib/python3.12/site-packages/runner/inference.py:219] INFO runner.inference: Loading data from
results/json_results/CTCF_bindingDNA_1_-_MYC_protein.json
2025-05-04 00:54:54,263 [/home/swyun/.local/lib/python3.12/site-packages/protenix/data/infer_data_pipeline.py:209] INFO protenix.data.infer_data_pipeline: Featurizing CTCF_bindingDNA_1_-_MYC_protein...
2025-05-04 00:55:08,508 [/home/swyun/.local/lib/python3.12/site-packages/runner/inference.py:243] INFO runner.inference: [Rank 0 (1/1)] CTCF_bindingDNA_1_-_MYC_protein: N_asym 2, N_token 682, N_atom 8229, N_msa 8465
2025-05-04 00:59:48,468 [/home/swyun/.local/lib/python3.12/site-packages/runner/inference.py:262] INFO runner.inference: [Rank 0] CTCF_bindingDNA_1_-_MYC_protein succeeded.
Results saved to results/af3_results/CTCF_bindingDNA_1_-_MYC_protein
100%|| 1/1 [04:55<00:00, 295.35s/it]100%|| 1/1 [04:55<00:00, 295.35s/it]
STEP 4 done in 313s
STEP 5 done in 209s
TOTAL pipeline time: 886s
